<?xml version="1.0" encoding="UTF-8"?>
<!-- Generated by org.testng.reporters.JUnitXMLReporter -->
<testsuite ignored="0" hostname="PCA18" failures="0" tests="6" name="Test" time="0.097" errors="0" timestamp="2024-04-13T17:22:15 IST">
  <testcase classname="base.TestBase" name="@BeforeSuite setUp" time="0.008">
    <failure type="java.lang.NullPointerException">
      <![CDATA[java.lang.NullPointerException
at base.TestBase.setUp(TestBase.java:31)
... Removed 19 stack frames]]>
    </failure>
  </testcase> <!-- @BeforeSuite setUp -->
  <testcase classname="test.LoginTest" name="@BeforeClass setupClass" time="-1.713009135031E9">
    <skipped/>
  </testcase> <!-- @BeforeClass setupClass -->
  <testcase classname="test.LoginTest" name="loginUser" time="0.0">
    <skipped/>
  </testcase> <!-- loginUser -->
  <testcase classname="test.LoginTest" name="addItemToCart" time="0.0">
    <skipped/>
  </testcase> <!-- addItemToCart -->
  <testcase classname="test.LoginTest" name="verifyCartDetailsTest" time="0.0">
    <skipped/>
  </testcase> <!-- verifyCartDetailsTest -->
  <testcase classname="test.LoginTest" name="enterCheckOutInfoTest" time="0.0">
    <skipped/>
  </testcase> <!-- enterCheckOutInfoTest -->
  <testcase classname="test.LoginTest" name="verifyCheckOutOverviewTest" time="0.0">
    <skipped/>
  </testcase> <!-- verifyCheckOutOverviewTest -->
  <testcase classname="test.LoginTest" name="checkOutConfirmationTest" time="0.0">
    <skipped/>
  </testcase> <!-- checkOutConfirmationTest -->
</testsuite> <!-- Test -->
