<?xml version="1.0" encoding="UTF-8"?>
<!-- Generated by org.testng.reporters.JUnitXMLReporter -->
<testsuite ignored="0" hostname="PCA18" failures="0" tests="6" name="Test" time="9.726" errors="0" timestamp="2024-05-27T16:33:13 IST">
  <testcase classname="test.LoginTest" name="loginUser" time="6.664"/>
  <testcase classname="test.LoginTest" name="addItemToCart" time="0.11"/>
  <testcase classname="test.LoginTest" name="verifyCartDetailsTest" time="0.091"/>
  <testcase classname="test.LoginTest" name="enterCheckOutInfoTest" time="0.67"/>
  <testcase classname="test.LoginTest" name="verifyCheckOutOverviewTest" time="0.16"/>
  <testcase classname="test.LoginTest" name="checkOutConfirmationTest" time="0.07"/>
</testsuite> <!-- Test -->
