<?xml version="1.0" encoding="UTF-8"?>
<!-- Generated by org.testng.reporters.JUnitXMLReporter -->
<testsuite ignored="0" hostname="PCA18" failures="0" tests="6" name="Test" time="7.489" errors="0" timestamp="2024-04-19T15:41:39 IST">
  <testcase classname="test.LoginTest" name="loginUser" time="5.487"/>
  <testcase classname="test.LoginTest" name="addItemToCart" time="0.138"/>
  <testcase classname="test.LoginTest" name="verifyCartDetailsTest" time="0.083"/>
  <testcase classname="test.LoginTest" name="enterCheckOutInfoTest" time="0.665"/>
  <testcase classname="test.LoginTest" name="verifyCheckOutOverviewTest" time="0.136"/>
  <testcase classname="test.LoginTest" name="checkOutConfirmationTest" time="0.071"/>
</testsuite> <!-- Test -->
