<?xml version="1.0" encoding="UTF-8"?>
<testsuite xmlns:xsi="http://www.w3.org/2001/XMLSchema-instance" xsi:noNamespaceSchemaLocation="https://maven.apache.org/surefire/maven-surefire-plugin/xsd/surefire-test-report-3.0.xsd" version="3.0" name="TestSuite" time="12.394" tests="6" errors="0" skipped="0" failures="0">
  <properties>
[...]
</properties>
  <testcase name="loginUser" classname="test.LoginTest" time="5.688">
    <system-err><![CDATA[SLF4J: Failed to load class "org.slf4j.impl.StaticLoggerBinder".
SLF4J: Defaulting to no-operation (NOP) logger implementation
SLF4J: See http://www.slf4j.org/codes.html#StaticLoggerBinder for further details.
Apr 22, 2024 10:21:26 PM org.openqa.selenium.devtools.CdpVersionFinder findNearestMatch
WARNING: Unable to find an exact match for CDP version 124, returning the closest version; found: 120; Please update to a Selenium version that supports CDP version 124
]]></system-err>
  </testcase>
  <testcase name="addItemToCart" classname="test.LoginTest" time="0.114"/>
  <testcase name="verifyCartDetailsTest" classname="test.LoginTest" time="0.13"/>
  <testcase name="enterCheckOutInfoTest" classname="test.LoginTest" time="0.517"/>
  <testcase name="verifyCheckOutOverviewTest" classname="test.LoginTest" time="0.149"/>
  <testcase name="checkOutConfirmationTest" classname="test.LoginTest" time="0.079"/>
</testsuite>