<?xml version="1.0" encoding="UTF-8"?>
<testng-results ignored="0" total="6" passed="6" failed="0" skipped="0">
  <reporter-output>
  </reporter-output>
  <suite started-at="2024-04-22T22:21:29 IST" name="Automation Test" finished-at="2024-04-22T22:21:35 IST" duration-ms="6777">
    <groups>
    </groups>
    <test started-at="2024-04-22T22:21:29 IST" name="Test" finished-at="2024-04-22T22:21:35 IST" duration-ms="6777">
      <class name="test.LoginTest">
        <test-method is-config="true" signature="setUp()[pri:0, instance:test.LoginTest@2e32ccc5]" started-at="2024-04-22T22:21:24 IST" name="setUp" finished-at="2024-04-22T22:21:29 IST" duration-ms="4492" status="PASS">
          <reporter-output>
          </reporter-output>
        </test-method> <!-- setUp -->
        <test-method is-config="true" signature="setupClass()[pri:0, instance:test.LoginTest@2e32ccc5]" started-at="2024-04-22T22:21:29 IST" name="setupClass" finished-at="2024-04-22T22:21:29 IST" duration-ms="36" status="PASS">
          <reporter-output>
          </reporter-output>
        </test-method> <!-- setupClass -->
        <test-method signature="loginUser()[pri:0, instance:test.LoginTest@2e32ccc5]" started-at="2024-04-22T22:21:29 IST" name="loginUser" finished-at="2024-04-22T22:21:34 IST" duration-ms="5415" status="PASS">
          <reporter-output>
          </reporter-output>
        </test-method> <!-- loginUser -->
        <test-method signature="addItemToCart()[pri:1, instance:test.LoginTest@2e32ccc5]" started-at="2024-04-22T22:21:34 IST" name="addItemToCart" finished-at="2024-04-22T22:21:35 IST" depends-on-methods="test.LoginTest.loginUser" duration-ms="51" status="PASS">
          <reporter-output>
          </reporter-output>
        </test-method> <!-- addItemToCart -->
        <test-method signature="verifyCartDetailsTest()[pri:2, instance:test.LoginTest@2e32ccc5]" started-at="2024-04-22T22:21:35 IST" name="verifyCartDetailsTest" finished-at="2024-04-22T22:21:35 IST" depends-on-methods="test.LoginTest.addItemToCart" duration-ms="76" status="PASS">
          <reporter-output>
          </reporter-output>
        </test-method> <!-- verifyCartDetailsTest -->
        <test-method signature="enterCheckOutInfoTest()[pri:3, instance:test.LoginTest@2e32ccc5]" started-at="2024-04-22T22:21:35 IST" name="enterCheckOutInfoTest" finished-at="2024-04-22T22:21:35 IST" depends-on-methods="test.LoginTest.verifyCartDetailsTest" duration-ms="479" status="PASS">
          <reporter-output>
          </reporter-output>
        </test-method> <!-- enterCheckOutInfoTest -->
        <test-method signature="verifyCheckOutOverviewTest()[pri:4, instance:test.LoginTest@2e32ccc5]" started-at="2024-04-22T22:21:35 IST" name="verifyCheckOutOverviewTest" finished-at="2024-04-22T22:21:35 IST" depends-on-methods="test.LoginTest.enterCheckOutInfoTest" duration-ms="111" status="PASS">
          <reporter-output>
          </reporter-output>
        </test-method> <!-- verifyCheckOutOverviewTest -->
        <test-method signature="checkOutConfirmationTest()[pri:5, instance:test.LoginTest@2e32ccc5]" started-at="2024-04-22T22:21:35 IST" name="checkOutConfirmationTest" finished-at="2024-04-22T22:21:35 IST" depends-on-methods="test.LoginTest.verifyCheckOutOverviewTest" duration-ms="49" status="PASS">
          <reporter-output>
          </reporter-output>
        </test-method> <!-- checkOutConfirmationTest -->
        <test-method is-config="true" signature="tearDown()[pri:0, instance:test.LoginTest@2e32ccc5]" started-at="2024-04-22T22:21:36 IST" name="tearDown" finished-at="2024-04-22T22:21:36 IST" duration-ms="221" status="PASS">
          <reporter-output>
          </reporter-output>
        </test-method> <!-- tearDown -->
      </class> <!-- test.LoginTest -->
    </test> <!-- Test -->
  </suite> <!-- Automation Test -->
</testng-results>
