<?xml version="1.0" encoding="UTF-8"?>
<testng-results ignored="0" total="6" passed="6" failed="0" skipped="0">
  <reporter-output>
  </reporter-output>
  <suite started-at="2024-04-19T15:41:32 IST" name="Automation Test" finished-at="2024-04-19T15:41:39 IST" duration-ms="7489">
    <groups>
    </groups>
    <test started-at="2024-04-19T15:41:32 IST" name="Test" finished-at="2024-04-19T15:41:39 IST" duration-ms="7489">
      <class name="test.LoginTest">
        <test-method is-config="true" signature="setUp()[pri:0, instance:test.LoginTest@cd1e646]" started-at="2024-04-19T15:41:24 IST" name="setUp" finished-at="2024-04-19T15:41:32 IST" duration-ms="7440" status="PASS">
          <reporter-output>
          </reporter-output>
        </test-method> <!-- setUp -->
        <test-method is-config="true" signature="setupClass()[pri:0, instance:test.LoginTest@cd1e646]" started-at="2024-04-19T15:41:32 IST" name="setupClass" finished-at="2024-04-19T15:41:32 IST" duration-ms="51" status="PASS">
          <reporter-output>
          </reporter-output>
        </test-method> <!-- setupClass -->
        <test-method signature="loginUser()[pri:0, instance:test.LoginTest@cd1e646]" started-at="2024-04-19T15:41:32 IST" name="loginUser" finished-at="2024-04-19T15:41:37 IST" duration-ms="5487" status="PASS">
          <reporter-output>
          </reporter-output>
        </test-method> <!-- loginUser -->
        <test-method signature="addItemToCart()[pri:1, instance:test.LoginTest@cd1e646]" started-at="2024-04-19T15:41:38 IST" name="addItemToCart" finished-at="2024-04-19T15:41:38 IST" depends-on-methods="test.LoginTest.loginUser" duration-ms="138" status="PASS">
          <reporter-output>
          </reporter-output>
        </test-method> <!-- addItemToCart -->
        <test-method signature="verifyCartDetailsTest()[pri:2, instance:test.LoginTest@cd1e646]" started-at="2024-04-19T15:41:38 IST" name="verifyCartDetailsTest" finished-at="2024-04-19T15:41:38 IST" depends-on-methods="test.LoginTest.addItemToCart" duration-ms="83" status="PASS">
          <reporter-output>
          </reporter-output>
        </test-method> <!-- verifyCartDetailsTest -->
        <test-method signature="enterCheckOutInfoTest()[pri:3, instance:test.LoginTest@cd1e646]" started-at="2024-04-19T15:41:38 IST" name="enterCheckOutInfoTest" finished-at="2024-04-19T15:41:39 IST" depends-on-methods="test.LoginTest.verifyCartDetailsTest" duration-ms="665" status="PASS">
          <reporter-output>
          </reporter-output>
        </test-method> <!-- enterCheckOutInfoTest -->
        <test-method signature="verifyCheckOutOverviewTest()[pri:4, instance:test.LoginTest@cd1e646]" started-at="2024-04-19T15:41:39 IST" name="verifyCheckOutOverviewTest" finished-at="2024-04-19T15:41:39 IST" depends-on-methods="test.LoginTest.enterCheckOutInfoTest" duration-ms="136" status="PASS">
          <reporter-output>
          </reporter-output>
        </test-method> <!-- verifyCheckOutOverviewTest -->
        <test-method signature="checkOutConfirmationTest()[pri:5, instance:test.LoginTest@cd1e646]" started-at="2024-04-19T15:41:39 IST" name="checkOutConfirmationTest" finished-at="2024-04-19T15:41:39 IST" depends-on-methods="test.LoginTest.verifyCheckOutOverviewTest" duration-ms="71" status="PASS">
          <reporter-output>
          </reporter-output>
        </test-method> <!-- checkOutConfirmationTest -->
        <test-method is-config="true" signature="tearDown()[pri:0, instance:test.LoginTest@cd1e646]" started-at="2024-04-19T15:41:39 IST" name="tearDown" finished-at="2024-04-19T15:41:40 IST" duration-ms="620" status="PASS">
          <reporter-output>
          </reporter-output>
        </test-method> <!-- tearDown -->
      </class> <!-- test.LoginTest -->
    </test> <!-- Test -->
  </suite> <!-- Automation Test -->
</testng-results>
